<?xml version="1.0" encoding="UTF-8"?>
<testsuite xmlns:xsi="http://www.w3.org/2001/XMLSchema-instance" xsi:noNamespaceSchemaLocation="https://maven.apache.org/surefire/maven-surefire-plugin/xsd/surefire-test-report.xsd" version="3.0.2" name="com.vulcan.class_management.ClassManagementApplicationTests" time="2.285" tests="1" errors="0" skipped="0" failures="0">
  <properties>
[...]
</properties>
  <testcase name="contextLoads" classname="com.vulcan.class_management.ClassManagementApplicationTests" time="0.256">
    <system-out><![CDATA[11:19:02.994 [main] INFO org.springframework.test.context.support.AnnotationConfigContextLoaderUtils -- Could not detect default configuration classes for test class [com.vulcan.class_management.ClassManagementApplicationTests]: ClassManagementApplicationTests does not declare any static, non-private, non-final, nested classes annotated with @Configuration.
11:19:03.039 [main] INFO org.springframework.boot.test.context.SpringBootTestContextBootstrapper -- Found @SpringBootConfiguration com.vulcan.class_management.ClassManagementApplication for test class com.vulcan.class_management.ClassManagementApplicationTests

  .   ____          _            __ _ _
 /\\ / ___'_ __ _ _(_)_ __  __ _ \ \ \ \
( ( )\___ | '_ | '_| | '_ \/ _` | \ \ \ \
 \\/  ___)| |_)| | | | | || (_| |  ) ) ) )
  '  |____| .__|_| |_|_| |_\__, | / / / /
 =========|_|==============|___/=/_/_/_/

 :: Spring Boot ::                (v3.4.1)

2025-01-13T11:19:03.198-04:00  INFO 30487 --- [class-management] [           main] c.v.c.ClassManagementApplicationTests    : Starting ClassManagementApplicationTests using Java 17.0.12 with PID 30487 (started by marcelomiranda in /Users/marcelomiranda/Documents/projects/testVulcan/backend)
2025-01-13T11:19:03.199-04:00  INFO 30487 --- [class-management] [           main] c.v.c.ClassManagementApplicationTests    : No active profile set, falling back to 1 default profile: "default"
2025-01-13T11:19:03.458-04:00  INFO 30487 --- [class-management] [           main] .s.d.r.c.RepositoryConfigurationDelegate : Bootstrapping Spring Data JPA repositories in DEFAULT mode.
2025-01-13T11:19:03.490-04:00  INFO 30487 --- [class-management] [           main] .s.d.r.c.RepositoryConfigurationDelegate : Finished Spring Data repository scanning in 23 ms. Found 4 JPA repository interfaces.
2025-01-13T11:19:03.674-04:00  INFO 30487 --- [class-management] [           main] o.hibernate.jpa.internal.util.LogHelper  : HHH000204: Processing PersistenceUnitInfo [name: default]
2025-01-13T11:19:03.701-04:00  INFO 30487 --- [class-management] [           main] org.hibernate.Version                    : HHH000412: Hibernate ORM core version 6.6.4.Final
2025-01-13T11:19:03.715-04:00  INFO 30487 --- [class-management] [           main] o.h.c.internal.RegionFactoryInitiator    : HHH000026: Second-level cache disabled
2025-01-13T11:19:03.826-04:00  INFO 30487 --- [class-management] [           main] o.s.o.j.p.SpringPersistenceUnitInfo      : No LoadTimeWeaver setup: ignoring JPA class transformer
2025-01-13T11:19:03.846-04:00  INFO 30487 --- [class-management] [           main] com.zaxxer.hikari.HikariDataSource       : HikariPool-1 - Starting...
2025-01-13T11:19:03.922-04:00  INFO 30487 --- [class-management] [           main] com.zaxxer.hikari.pool.HikariPool        : HikariPool-1 - Added connection conn0: url=jdbc:h2:mem:testdb user=SA
2025-01-13T11:19:03.923-04:00  INFO 30487 --- [class-management] [           main] com.zaxxer.hikari.HikariDataSource       : HikariPool-1 - Start completed.
2025-01-13T11:19:03.936-04:00  WARN 30487 --- [class-management] [           main] org.hibernate.orm.deprecation            : HHH90000025: H2Dialect does not need to be specified explicitly using 'hibernate.dialect' (remove the property setting and it will be selected by default)
2025-01-13T11:19:03.944-04:00  INFO 30487 --- [class-management] [           main] org.hibernate.orm.connections.pooling    : HHH10001005: Database info:
	Database JDBC URL [Connecting through datasource 'HikariDataSource (HikariPool-1)']
	Database driver: undefined/unknown
	Database version: 2.3.232
	Autocommit mode: undefined/unknown
	Isolation level: undefined/unknown
	Minimum pool size: undefined/unknown
	Maximum pool size: undefined/unknown
2025-01-13T11:19:04.302-04:00  INFO 30487 --- [class-management] [           main] o.h.e.t.j.p.i.JtaPlatformInitiator       : HHH000489: No JTA platform available (set 'hibernate.transaction.jta.platform' to enable JTA platform integration)
2025-01-13T11:19:04.324-04:00  INFO 30487 --- [class-management] [           main] j.LocalContainerEntityManagerFactoryBean : Initialized JPA EntityManagerFactory for persistence unit 'default'
2025-01-13T11:19:04.476-04:00  WARN 30487 --- [class-management] [           main] JpaBaseConfiguration$JpaWebConfiguration : spring.jpa.open-in-view is enabled by default. Therefore, database queries may be performed during view rendering. Explicitly configure spring.jpa.open-in-view to disable this warning
2025-01-13T11:19:04.490-04:00  INFO 30487 --- [class-management] [           main] r$InitializeUserDetailsManagerConfigurer : Global AuthenticationManager configured with UserDetailsService bean with name customUserDetailsService
2025-01-13T11:19:04.604-04:00 DEBUG 30487 --- [class-management] [           main] o.s.s.web.DefaultSecurityFilterChain     : Will secure any request with filters: DisableEncodeUrlFilter, WebAsyncManagerIntegrationFilter, SecurityContextHolderFilter, HeaderWriterFilter, LogoutFilter, JwtAuthFilter, RequestCacheAwareFilter, SecurityContextHolderAwareRequestFilter, AnonymousAuthenticationFilter, ExceptionTranslationFilter, AuthorizationFilter
2025-01-13T11:19:04.703-04:00  INFO 30487 --- [class-management] [           main] o.s.b.a.h2.H2ConsoleAutoConfiguration    : H2 console available at '/h2-console'. Database available at 'jdbc:h2:mem:testdb'
2025-01-13T11:19:04.739-04:00  INFO 30487 --- [class-management] [           main] c.v.c.ClassManagementApplicationTests    : Started ClassManagementApplicationTests in 1.643 seconds (process running for 2.053)
]]></system-out>
  </testcase>
</testsuite>